<?xml version="1.0" encoding="UTF-8"?>
<!-- Generated by org.testng.reporters.JUnitReportReporter -->
<testsuite skipped="0" hostname="TYSS-Vijayalaxmi" name="PracticeForJenkins.BuildCreationTest" tests="1" failures="0" timestamp="2022-12-05T17:10:36 IST" time="0.007" errors="0">
  <testcase name="create" time="0.007" classname="PracticeForJenkins.BuildCreationTest"/>
  <system-out/>
</testsuite> <!-- PracticeForJenkins.BuildCreationTest -->
