<?xml version="1.0" encoding="UTF-8"?>
<!-- Generated by org.testng.reporters.JUnitReportReporter -->
<testsuite skipped="0" hostname="TYSS-Vijayalaxmi" name="PracticeForJenkins.BuildDeployTest" tests="2" failures="0" timestamp="2022-12-05T16:44:21 IST" time="0.002" errors="0">
  <testcase name="sample1" time="0.001" classname="PracticeForJenkins.BuildDeployTest"/>
  <system-out/>
  <testcase name="sample2" time="0.001" classname="PracticeForJenkins.BuildDeployTest"/>
  <system-out/>
</testsuite> <!-- PracticeForJenkins.BuildDeployTest -->
